#-----------------------------------------------------------
# PlanAhead v14.7 (64-bit)
# Build 321239 by xbuild on Fri Sep 27 19:29:51 MDT 2013
# Start of session at: Wed Dec 08 12:22:19 2021
# Process ID: 56880
# Log file: D:/szdl/jicunqi/planAhead_run_2/planAhead.log
# Journal file: D:/szdl/jicunqi/planAhead_run_2/planAhead.jou
#-----------------------------------------------------------
INFO: [Common 17-78] Attempting to get a license: PlanAhead
INFO: [Common 17-290] Got license for PlanAhead
INFO: [Device 21-36] Loading parts and site information from D:/ise/14.7/ISE_DS/PlanAhead/data/parts/arch.xml
Parsing RTL primitives file [D:/ise/14.7/ISE_DS/PlanAhead/data/parts/xilinx/rtl/prims/rtl_prims.xml]
Finished parsing RTL primitives file [D:/ise/14.7/ISE_DS/PlanAhead/data/parts/xilinx/rtl/prims/rtl_prims.xml]
start_gui
source D:/szdl/jicunqi/pa.fromNetlist.tcl
# create_project -name jicunqi -dir "D:/szdl/jicunqi/planAhead_run_2" -part xc7a100tfgg484-2L
# set_property design_mode GateLvl [get_property srcset [current_run -impl]]
# set_property edif_top_file "D:/szdl/jicunqi/jicunqi.ngc" [ get_property srcset [ current_run ] ]
# add_files -norecurse { {D:/szdl/jicunqi} }
# set_param project.pinAheadLayout  yes
# set_property target_constrs_file "jicunqi.ucf" [current_fileset -constrset]
Adding file 'D:/szdl/jicunqi/jicunqi.ucf' to fileset 'constrs_1'
# add_files [list {jicunqi.ucf}] -fileset [get_property constrset [current_run]]
# link_design
Design is defaulting to srcset: sources_1
Design is defaulting to constrset: constrs_1
Design is defaulting to project part: xc7a100tfgg484-2L
Release 14.7 - ngc2edif P.20131013 (nt64)
Copyright (c) 1995-2013 Xilinx, Inc.  All rights reserved.
Reading design jicunqi.ngc ...
WARNING:NetListWriters:298 - No output is written to jicunqi.xncf, ignored.
Processing design ...
   Preping design's networks ...
   Preping design's macros ...
  finished :Prep
Writing EDIF netlist file jicunqi.edif ...
ngc2edif: Total memory usage is 4317168 kilobytes

Parsing EDIF File [./planAhead_run_2/jicunqi.data/cache/jicunqi_ngc_zx.edif]
Finished Parsing EDIF File [./planAhead_run_2/jicunqi.data/cache/jicunqi_ngc_zx.edif]
INFO: [Netlist 29-17] Analyzing 5 Unisim elements for replacement
INFO: [Netlist 29-28] Unisim Transformation completed in 0 CPU seconds
Loading clock regions from D:/ise/14.7/ISE_DS/PlanAhead/data\parts/xilinx/artix7/artix7/xc7a100t/ClockRegion.xml
Loading clock buffers from D:/ise/14.7/ISE_DS/PlanAhead/data\parts/xilinx/artix7/artix7/xc7a100t/ClockBuffers.xml
Loading clock placement rules from D:/ise/14.7/ISE_DS/PlanAhead/data/parts/xilinx/artix7/ClockPlacerRules.xml
Loading package pin functions from D:/ise/14.7/ISE_DS/PlanAhead/data\parts/xilinx/artix7/PinFunctions.xml...
Loading package from D:/ise/14.7/ISE_DS/PlanAhead/data\parts/xilinx/artix7/artix7/xc7a100t/fgg484/Package.xml
Loading io standards from D:/ise/14.7/ISE_DS/PlanAhead/data\./parts/xilinx/artix7/IOStandards.xml
Loading device configuration modes from D:/ise/14.7/ISE_DS/PlanAhead/data\parts/xilinx/artix7/ConfigModes.xml
Loading list of drcs for the architecture : D:/ise/14.7/ISE_DS/PlanAhead/data\./parts/xilinx/artix7/drc.xml
Parsing UCF File [D:/szdl/jicunqi/jicunqi.ucf]
Finished Parsing UCF File [D:/szdl/jicunqi/jicunqi.ucf]
INFO: [Project 1-111] Unisim Transformation Summary:
  A total of 5 instances were transformed.
  LD => LDCE: 1 instances
  LDC => LDCE: 4 instances

Phase 0 | Netlist Checksum: a3c7f649
link_design: Time (s): elapsed = 00:00:09 . Memory (MB): peak = 873.688 ; gain = 382.000
startgroup
set_property package_pin A8 [get_ports {d[0]}]
endgroup
startgroup
set_property package_pin T4 [get_ports {d[3]}]
endgroup
startgroup
set_property package_pin V3 [get_ports {d[2]}]
endgroup
startgroup
set_property package_pin V4 [get_ports {d[1]}]
endgroup
startgroup
set_property package_pin A8 [get_ports {d[0]}]
endgroup
startgroup
set_property package_pin A18 [get_ports clk]
endgroup
startgroup
set_property package_pin Y4 [get_ports {d[0]}]
endgroup
startgroup
set_property package_pin W4 [get_ports {d[1]}]
endgroup
startgroup
set_property package_pin V4 [get_ports {d[2]}]
endgroup
startgroup
set_property package_pin V3 [get_ports {d[3]}]
endgroup
startgroup
set_property package_pin T4 [get_ports clk]
endgroup
save_constraints
exit
ERROR: [PlanAhead 12-106] *** Exception: ui.h.b: Found deleted key in HTclEventBroker. Verify if the classes listed here call cleanup()
HTclEvent: SIGNAL_BUS_MODIFY   Classes: ui.views.aR 
HTclEvent: SIGNAL_MODIFY   Classes: ui.views.aR 
HTclEvent: DEBUG_CORE_CONFIG_CHANGE   Classes: ui.views.aR 
HTclEvent: DEBUG_PORT_CONFIG_CHANGE   Classes: ui.views.aR 
 (See D:/szdl/jicunqi\planAhead_pid56880.debug)
ERROR: [Common 17-39] 'stop_gui' failed due to earlier errors.
INFO: [Common 17-206] Exiting PlanAhead at Wed Dec 08 12:25:16 2021...
INFO: [Common 17-83] Releasing license: PlanAhead
